mode: count
github.com/drewspitsin/auth/internal/api/auth/create.go:11.109,13.16 2 10
github.com/drewspitsin/auth/internal/api/auth/create.go:13.16,15.3 1 0
github.com/drewspitsin/auth/internal/api/auth/create.go:17.2,18.16 2 10
github.com/drewspitsin/auth/internal/api/auth/create.go:18.16,20.3 1 5
github.com/drewspitsin/auth/internal/api/auth/create.go:22.2,26.8 2 5
github.com/drewspitsin/auth/internal/api/auth/delete.go:11.101,13.16 2 10
github.com/drewspitsin/auth/internal/api/auth/delete.go:13.16,15.3 1 5
github.com/drewspitsin/auth/internal/api/auth/delete.go:17.2,17.30 1 5
github.com/drewspitsin/auth/internal/api/auth/get.go:11.100,13.16 2 10
github.com/drewspitsin/auth/internal/api/auth/get.go:13.16,15.3 1 5
github.com/drewspitsin/auth/internal/api/auth/get.go:17.2,21.8 2 5
github.com/drewspitsin/auth/internal/api/auth/service.go:13.73,17.2 1 40
github.com/drewspitsin/auth/internal/api/auth/update.go:12.101,14.16 2 10
github.com/drewspitsin/auth/internal/api/auth/update.go:14.16,16.3 1 5
github.com/drewspitsin/auth/internal/api/auth/update.go:18.2,18.30 1 5
github.com/drewspitsin/auth/internal/service/auth/create.go:9.83,11.72 2 10
github.com/drewspitsin/auth/internal/service/auth/create.go:11.72,14.19 3 5
github.com/drewspitsin/auth/internal/service/auth/create.go:14.19,16.4 1 0
github.com/drewspitsin/auth/internal/service/auth/create.go:18.3,19.19 2 5
github.com/drewspitsin/auth/internal/service/auth/create.go:19.19,21.4 1 0
github.com/drewspitsin/auth/internal/service/auth/create.go:23.3,23.13 1 5
github.com/drewspitsin/auth/internal/service/auth/create.go:26.2,26.16 1 10
github.com/drewspitsin/auth/internal/service/auth/create.go:26.16,28.3 1 5
github.com/drewspitsin/auth/internal/service/auth/create.go:30.2,30.16 1 5
github.com/drewspitsin/auth/internal/service/auth/delete.go:7.60,9.16 2 10
github.com/drewspitsin/auth/internal/service/auth/delete.go:9.16,11.3 1 5
github.com/drewspitsin/auth/internal/service/auth/delete.go:13.2,13.12 1 5
github.com/drewspitsin/auth/internal/service/auth/get.go:9.72,11.16 2 10
github.com/drewspitsin/auth/internal/service/auth/get.go:11.16,13.3 1 5
github.com/drewspitsin/auth/internal/service/auth/get.go:15.2,15.18 1 5
github.com/drewspitsin/auth/internal/service/auth/service.go:17.23,22.2 1 10
github.com/drewspitsin/auth/internal/service/auth/service.go:24.62,27.25 2 30
github.com/drewspitsin/auth/internal/service/auth/service.go:27.25,28.24 1 30
github.com/drewspitsin/auth/internal/service/auth/service.go:29.34,30.26 1 30
github.com/drewspitsin/auth/internal/service/auth/service.go:34.2,34.13 1 30
github.com/drewspitsin/auth/internal/service/auth/service.go:37.50,40.25 2 0
github.com/drewspitsin/auth/internal/service/auth/service.go:40.25,41.24 1 0
github.com/drewspitsin/auth/internal/service/auth/service.go:42.13,43.11 1 0
github.com/drewspitsin/auth/internal/service/auth/service.go:47.2,47.13 1 0
github.com/drewspitsin/auth/internal/service/auth/update.go:9.74,11.16 2 10
github.com/drewspitsin/auth/internal/service/auth/update.go:11.16,13.3 1 5
github.com/drewspitsin/auth/internal/service/auth/update.go:15.2,15.12 1 5
